The following modules were not unloaded:
  (Use "module --force purge" to unload all):

  1) CCconfig        6)  ucx/1.14.1         11) flexiblas/3.3.1
  2) gentoo/2023     7)  libfabric/1.18.0   12) imkl/2023.2.0
  3) gcccore/.12.3   8)  pmix/4.2.4         13) StdEnv/2023
  4) gcc/12.3        9)  ucc/1.2.0
  5) hwloc/2.9.1     10) openmpi/4.1.5
prob  InvertedPendulum 

all methods 

Traceback (most recent call last):
  File "/home/nileb3/myenv/lib/python3.11/site-packages/torch/nn/modules/module.py", line 1928, in __getattr__
    raise AttributeError(
AttributeError: 'Linear' object has no attribute 'exp'

The above exception was the direct cause of the following exception:

Traceback (most recent call last):
  File "/project/6086407/nileb3/QRNN-MPC/New Files July 23/MPC_methods_BatchNormTestJuly31/run_IP_MSE_AS.py", line 74, in <module>
    model_ASN = ActionSequenceNN(prob_vars.state_dim, prob_vars.goal_state_dim, prob_vars.action_dim, discrete=prob_vars.discrete, nb_actions=prob_vars.nb_actions)
                ^^^^^^^^^^^^^^^^^^^^^^^^^^^^^^^^^^^^^^^^^^^^^^^^^^^^^^^^^^^^^^^^^^^^^^^^^^^^^^^^^^^^^^^^^^^^^^^^^^^^^^^^^^^^^^^^^^^^^^^^^^^^^^^^^^^^^^^^^^^^^^^^^^^
  File "/project/6086407/nileb3/QRNN-MPC/New Files July 23/MPC_methods_BatchNormTestJuly31/ASNN.py", line 63, in __init__
    self.sigma_output_layer = np.exp(nn.Linear(64, action_dim)) # Uncertainty for continuous actions
                              ^^^^^^^^^^^^^^^^^^^^^^^^^^^^^^^^^
TypeError: loop of ufunc does not support argument 0 of type Linear which has no callable exp method
