The following modules were not unloaded:
  (Use "module --force purge" to unload all):

  1) CCconfig        6)  ucx/1.14.1         11) flexiblas/3.3.1
  2) gentoo/2023     7)  libfabric/1.18.0   12) imkl/2023.2.0
  3) gcccore/.12.3   8)  pmix/4.2.4         13) StdEnv/2023
  4) gcc/12.3        9)  ucc/1.2.0
  5) hwloc/2.9.1     10) openmpi/4.1.5

The following have been reloaded with a version change:
  1) python/3.11.5 => python/3.10.13

Python Version: 3.10.13 (main, Sep 18 2023, 17:18:13) [GCC 12.3.1 20230526]
Traceback (most recent call last):
  File "/home/nileb3/sp_py310/lib/python3.10/site-packages/gymnasium/envs/mujoco/mujoco_env.py", line 13, in <module>
    import mujoco
ModuleNotFoundError: No module named 'mujoco'

The above exception was the direct cause of the following exception:

Traceback (most recent call last):
  File "/project/6086407/nileb3/QRNN-MPC/PETS/main_PETS_CEM_IP.py", line 122, in <module>
    env = gym.make('InvertedPendulum-v5', render_mode='rgb_array')
  File "/home/nileb3/sp_py310/lib/python3.10/site-packages/gymnasium/envs/registration.py", line 704, in make
    env_creator = load_env_creator(env_spec.entry_point)
  File "/home/nileb3/sp_py310/lib/python3.10/site-packages/gymnasium/envs/registration.py", line 551, in load_env_creator
    mod = importlib.import_module(mod_name)
  File "/cvmfs/soft.computecanada.ca/easybuild/software/2023/x86-64-v3/Compiler/gcccore/python/3.10.13/lib/python3.10/importlib/__init__.py", line 126, in import_module
    return _bootstrap._gcd_import(name[level:], package, level)
  File "<frozen importlib._bootstrap>", line 1050, in _gcd_import
  File "<frozen importlib._bootstrap>", line 1027, in _find_and_load
  File "<frozen importlib._bootstrap>", line 992, in _find_and_load_unlocked
  File "<frozen importlib._bootstrap>", line 241, in _call_with_frames_removed
  File "<frozen importlib._bootstrap>", line 1050, in _gcd_import
  File "<frozen importlib._bootstrap>", line 1027, in _find_and_load
  File "<frozen importlib._bootstrap>", line 1006, in _find_and_load_unlocked
  File "<frozen importlib._bootstrap>", line 688, in _load_unlocked
  File "<frozen importlib._bootstrap_external>", line 883, in exec_module
  File "<frozen importlib._bootstrap>", line 241, in _call_with_frames_removed
  File "/home/nileb3/sp_py310/lib/python3.10/site-packages/gymnasium/envs/mujoco/__init__.py", line 1, in <module>
    from gymnasium.envs.mujoco.mujoco_env import MujocoEnv
  File "/home/nileb3/sp_py310/lib/python3.10/site-packages/gymnasium/envs/mujoco/mujoco_env.py", line 15, in <module>
    raise error.DependencyNotInstalled(
gymnasium.error.DependencyNotInstalled: MuJoCo is not installed, run `pip install "gymnasium[mujoco]"`
